{"level":"info","message":"Listening on :: port 3000","service":"test-api","timestamp":"2022-02-07 20:40:18"}
{"level":"info","message":"Listening on :: port 3000","service":"test-api","timestamp":"2022-02-07 20:40:25"}
{"level":"info","message":"Listening on :: port 3000","service":"test-api","timestamp":"2022-02-07 20:41:43"}
{"level":"error","message":"entro a status","service":"test-api","timestamp":"2022-02-07 20:43:58"}
{"level":"info","message":"Listening on :: port 3000","service":"test-api","timestamp":"2022-02-07 20:44:21"}
{"level":"error","message":"entro a create","service":"test-api","timestamp":"2022-02-07 20:52:05"}
{"level":"info","message":"Listening on :: port 3000","service":"test-api","timestamp":"2022-02-07 21:01:03"}
{"level":"info","message":"Listening on :: port 3000","service":"test-api","timestamp":"2022-02-07 21:06:07"}
{"level":"info","message":"Listening on :: port 3000","service":"test-api","timestamp":"2022-02-07 21:08:40"}
{"level":"info","message":"token verificado","service":"test-api","timestamp":"2022-02-07 21:16:05"}
{"level":"error","message":"entro a status","service":"test-api","timestamp":"2022-02-07 21:17:22"}
{"level":"info","message":"Listening on :: port 3000","service":"test-api","timestamp":"2022-02-07 21:19:47"}
{"level":"info","message":"Listening on :: port 3000","service":"test-api","timestamp":"2022-02-07 21:21:10"}
{"level":"error","message":"entra al logout","service":"test-api","timestamp":"2022-02-07 21:23:27"}
{"level":"error","message":"entra al logout","service":"test-api","timestamp":"2022-02-07 21:24:03"}
{"level":"info","message":"token verificado","service":"test-api","timestamp":"2022-02-07 21:24:06"}
{"level":"info","message":"Listening on :: port 3000","service":"test-api","timestamp":"2022-02-07 21:39:20"}
{"level":"info","message":"Listening on :: port 3000","service":"test-api","timestamp":"2022-02-07 21:39:33"}
{"level":"info","message":"Listening on :: port 3000","service":"test-api","timestamp":"2022-02-07 21:40:35"}
{"level":"info","message":"Listening on :: port 3000","service":"test-api","timestamp":"2022-02-07 21:41:28"}
{"level":"info","message":"Listening on :: port 3000","service":"test-api","timestamp":"2022-02-07 21:42:06"}
{"level":"info","message":"Listening on :: port 3000","service":"test-api","timestamp":"2022-02-07 21:42:54"}
{"level":"error","message":"entra al logout","service":"test-api","timestamp":"2022-02-07 21:44:29"}
{"level":"info","message":"Listening on :: port 3000","service":"test-api","timestamp":"2022-02-07 21:45:19"}
{"level":"error","message":"entra al logout","service":"test-api","timestamp":"2022-02-07 21:45:24"}
{"level":"error","message":"Cannot read properties of null (reading 'id')","service":"test-api","stack":"TypeError: Cannot read properties of null (reading 'id')\n    at logout (C:\\Users\\Jose Daniel\\Documents\\CedeSistemas\\NodeJs\\Final\\src\\api\\v1.0\\auth\\auth.controller.js:54:31)","timestamp":"2022-02-07 21:45:24"}
{"level":"info","message":"Listening on :: port 3000","service":"test-api","timestamp":"2022-02-07 21:46:06"}
{"level":"error","message":"entra al logout","service":"test-api","timestamp":"2022-02-07 21:46:18"}
{"level":"error","message":"Cannot read properties of null (reading 'id')","service":"test-api","stack":"TypeError: Cannot read properties of null (reading 'id')\n    at logout (C:\\Users\\Jose Daniel\\Documents\\CedeSistemas\\NodeJs\\Final\\src\\api\\v1.0\\auth\\auth.controller.js:54:31)","timestamp":"2022-02-07 21:46:19"}
{"level":"info","message":"Listening on :: port 3000","service":"test-api","timestamp":"2022-02-07 21:46:32"}
{"level":"error","message":"entra al logout","service":"test-api","timestamp":"2022-02-07 21:46:35"}
{"level":"error","message":"Cannot read properties of null (reading 'id')","service":"test-api","stack":"TypeError: Cannot read properties of null (reading 'id')\n    at logout (C:\\Users\\Jose Daniel\\Documents\\CedeSistemas\\NodeJs\\Final\\src\\api\\v1.0\\auth\\auth.controller.js:54:31)","timestamp":"2022-02-07 21:46:35"}
{"level":"info","message":"token verificado","service":"test-api","timestamp":"2022-02-07 21:47:15"}
{"level":"error","message":"entra al logout","service":"test-api","timestamp":"2022-02-07 21:47:22"}
{"level":"info","message":"Listening on :: port 3000","service":"test-api","timestamp":"2022-02-07 21:51:24"}
{"level":"error","message":"entra al logout","service":"test-api","timestamp":"2022-02-07 21:51:30"}
{"level":"error","message":"Cannot read properties of null (reading 'id')","service":"test-api","stack":"TypeError: Cannot read properties of null (reading 'id')\n    at logout (C:\\Users\\Jose Daniel\\Documents\\CedeSistemas\\NodeJs\\Final\\src\\api\\v1.0\\auth\\auth.controller.js:54:31)","timestamp":"2022-02-07 21:51:30"}
{"level":"info","message":"Listening on :: port 3000","service":"test-api","timestamp":"2022-02-07 21:53:52"}
{"level":"error","message":"entra al logout","service":"test-api","timestamp":"2022-02-07 21:54:01"}
{"level":"error","message":"entra al logout","service":"test-api","timestamp":"2022-02-07 21:54:02"}
{"level":"info","message":"Listening on :: port 3000","service":"test-api","timestamp":"2022-02-07 22:43:14"}
{"level":"info","message":"Listening on :: port 3000","service":"test-api","timestamp":"2022-02-07 22:46:05"}
{"level":"info","message":"token verificado","service":"test-api","timestamp":"2022-02-07 22:48:10"}
{"level":"info","message":"Listening on :: port 3000","service":"test-api","timestamp":"2022-02-07 22:59:28"}
{"level":"info","message":"Listening on :: port 3000","service":"test-api","timestamp":"2022-02-07 23:01:47"}
{"level":"info","message":"token verificado","service":"test-api","timestamp":"2022-02-07 23:02:00"}
{"level":"error","message":"entro a setFavoviteCoin","service":"test-api","timestamp":"2022-02-07 23:02:00"}
{"level":"info","message":"Listening on :: port 3000","service":"test-api","timestamp":"2022-02-07 23:05:41"}
{"level":"info","message":"token verificado","service":"test-api","timestamp":"2022-02-07 23:07:04"}
{"level":"error","message":"entro a setFavoviteCoin","service":"test-api","timestamp":"2022-02-07 23:07:04"}
{"level":"info","message":"Listening on :: port 3000","service":"test-api","timestamp":"2022-02-07 23:07:43"}
{"level":"info","message":"token verificado","service":"test-api","timestamp":"2022-02-07 23:07:59"}
{"level":"error","message":"entro a setFavoviteCoin","service":"test-api","timestamp":"2022-02-07 23:07:59"}
{"level":"info","message":"Listening on :: port 3000","service":"test-api","timestamp":"2022-02-07 23:15:31"}
{"level":"info","message":"token verificado","service":"test-api","timestamp":"2022-02-07 23:16:08"}
{"level":"error","message":"entro a setFavoviteCoin","service":"test-api","timestamp":"2022-02-07 23:16:08"}
{"level":"info","message":"Listening on :: port 3000","service":"test-api","timestamp":"2022-02-07 23:17:00"}
{"level":"info","message":"token verificado","service":"test-api","timestamp":"2022-02-07 23:17:15"}
{"level":"error","message":"entro a setFavoviteCoin","service":"test-api","timestamp":"2022-02-07 23:17:15"}
{"level":"info","message":"Listening on :: port 3000","service":"test-api","timestamp":"2022-02-08 16:30:26"}
{"level":"error","message":"entro a create","service":"test-api","timestamp":"2022-02-08 16:30:41"}
{"level":"info","message":"token verificado","service":"test-api","timestamp":"2022-02-08 16:31:07"}
{"level":"error","message":"entro a setFavoviteCoin","service":"test-api","timestamp":"2022-02-08 16:31:07"}
{"level":"info","message":"Listening on :: port 3000","service":"test-api","timestamp":"2022-02-08 16:32:17"}
{"level":"info","message":"token verificado","service":"test-api","timestamp":"2022-02-08 16:32:24"}
{"level":"error","message":"entro a setFavoviteCoin","service":"test-api","timestamp":"2022-02-08 16:32:24"}
{"level":"info","message":"Listening on :: port 3000","service":"test-api","timestamp":"2022-02-08 16:33:35"}
{"level":"info","message":"Listening on :: port 3000","service":"test-api","timestamp":"2022-02-08 16:34:02"}
{"level":"info","message":"token verificado","service":"test-api","timestamp":"2022-02-08 16:34:09"}
{"level":"error","message":"entro a setFavoviteCoin","service":"test-api","timestamp":"2022-02-08 16:34:09"}
{"level":"info","message":"Listening on :: port 3000","service":"test-api","timestamp":"2022-02-08 16:35:26"}
{"level":"info","message":"Listening on :: port 3000","service":"test-api","timestamp":"2022-02-08 16:37:21"}
{"level":"info","message":"token verificado","service":"test-api","timestamp":"2022-02-08 16:37:36"}
{"level":"error","message":"entro a setFavoviteCoin","service":"test-api","timestamp":"2022-02-08 16:37:36"}
{"level":"info","message":"Listening on :: port 3000","service":"test-api","timestamp":"2022-02-08 16:58:47"}
{"level":"info","message":"token verificado","service":"test-api","timestamp":"2022-02-08 16:58:59"}
{"level":"error","message":"entro a setFavoviteCoin","service":"test-api","timestamp":"2022-02-08 16:58:59"}
{"clientVersion":"3.9.1","code":"P2002","level":"error","message":"\nInvalid `prisma.favCoin.create()` invocation in\nC:\\Users\\Jose Daniel\\Documents\\CedeSistemas\\NodeJs\\Final\\src\\api\\v1.0\\user\\user.controller.js:126:42\n\n  123 try {\n  124   const coins = []\n  125   for (const coinId of req.body){\n→ 126     const coin =  await prisma.favCoin.create(\n  Unique constraint failed on the fields: (`userId`,`coinId`)","meta":{"target":["userId","coinId"]},"service":"test-api","stack":"Error: \nInvalid `prisma.favCoin.create()` invocation in\nC:\\Users\\Jose Daniel\\Documents\\CedeSistemas\\NodeJs\\Final\\src\\api\\v1.0\\user\\user.controller.js:126:42\n\n  123 try {\n  124   const coins = []\n  125   for (const coinId of req.body){\n→ 126     const coin =  await prisma.favCoin.create(\n  Unique constraint failed on the fields: (`userId`,`coinId`)\n    at cb (C:\\Users\\Jose Daniel\\Documents\\CedeSistemas\\NodeJs\\Final\\node_modules\\@prisma\\client\\runtime\\index.js:38703:17)\n    at async PrismaClient._request (C:\\Users\\Jose Daniel\\Documents\\CedeSistemas\\NodeJs\\Final\\node_modules\\@prisma\\client\\runtime\\index.js:40853:18)\n    at async addFavoriteCoin (C:\\Users\\Jose Daniel\\Documents\\CedeSistemas\\NodeJs\\Final\\src\\api\\v1.0\\user\\user.controller.js:126:21)","timestamp":"2022-02-08 16:58:59"}
{"level":"info","message":"Listening on :: port 3000","service":"test-api","timestamp":"2022-02-08 17:07:07"}
{"level":"info","message":"Listening on :: port 3000","service":"test-api","timestamp":"2022-02-08 17:10:13"}
{"level":"info","message":"token verificado","service":"test-api","timestamp":"2022-02-08 17:10:23"}
{"level":"error","message":"entro a setFavoviteCoin","service":"test-api","timestamp":"2022-02-08 17:10:23"}
{"level":"error","message":"coinID is not defined","service":"test-api","stack":"ReferenceError: coinID is not defined\n    at addFavoriteCoins (C:\\Users\\Jose Daniel\\Documents\\CedeSistemas\\NodeJs\\Final\\src\\api\\v1.0\\user\\user.controller.js:127:57)\n    at Layer.handle [as handle_request] (C:\\Users\\Jose Daniel\\Documents\\CedeSistemas\\NodeJs\\Final\\node_modules\\express\\lib\\router\\layer.js:95:5)\n    at next (C:\\Users\\Jose Daniel\\Documents\\CedeSistemas\\NodeJs\\Final\\node_modules\\express\\lib\\router\\route.js:137:13)\n    at C:\\Users\\Jose Daniel\\Documents\\CedeSistemas\\NodeJs\\Final\\src\\utils\\token.middleware.js:20:7\n    at C:\\Users\\Jose Daniel\\Documents\\CedeSistemas\\NodeJs\\Final\\node_modules\\jsonwebtoken\\verify.js:223:12\n    at getSecret (C:\\Users\\Jose Daniel\\Documents\\CedeSistemas\\NodeJs\\Final\\node_modules\\jsonwebtoken\\verify.js:90:14)\n    at Object.module.exports [as verify] (C:\\Users\\Jose Daniel\\Documents\\CedeSistemas\\NodeJs\\Final\\node_modules\\jsonwebtoken\\verify.js:94:10)\n    at verifyToken (C:\\Users\\Jose Daniel\\Documents\\CedeSistemas\\NodeJs\\Final\\src\\utils\\token.middleware.js:13:9)","timestamp":"2022-02-08 17:10:23"}
{"level":"info","message":"Listening on :: port 3000","service":"test-api","timestamp":"2022-02-08 17:10:38"}
{"level":"info","message":"token verificado","service":"test-api","timestamp":"2022-02-08 17:10:40"}
{"level":"error","message":"entro a setFavoviteCoin","service":"test-api","timestamp":"2022-02-08 17:10:40"}
{"clientVersion":"3.9.1","level":"error","message":"\nInvalid `prisma.favCoin.findUnique()` invocation in\nC:\\Users\\Jose Daniel\\Documents\\CedeSistemas\\NodeJs\\Final\\src\\api\\v1.0\\user\\user.controller.js:153:24\n\n  150 }\n  151 \n  152 const  getFavoriteCoin =  (userId, coinId) => {\n→ 153  return prisma.favCoin.findUnique({\n         where: {\n           userId: '37d8810c-5e81-459f-8fd4-0d7db4881463',\n           ~~~~~~\n           coinId: 80\n           ~~~~~~\n         }\n         ~~~~~~~~~~~~~~~~~~~~~~~~~~~~~~~~~~~~~~~~~~~~~~~~~\n       })\n\nArgument where of type favCoinWhereUniqueInput needs exactly one argument, but you provided userId and coinId. Please choose one. Available args: \ntype favCoinWhereUniqueInput {\n  id?: String\n  userId_coinId?: favCoinUserIdCoinIdCompoundUniqueInput\n}\nUnknown arg `userId` in where.userId for type favCoinWhereUniqueInput. Did you mean `id`? Available args:\ntype favCoinWhereUniqueInput {\n  id?: String\n  userId_coinId?: favCoinUserIdCoinIdCompoundUniqueInput\n}\nUnknown arg `coinId` in where.coinId for type favCoinWhereUniqueInput. Did you mean `id`? Available args:\ntype favCoinWhereUniqueInput {\n  id?: String\n  userId_coinId?: favCoinUserIdCoinIdCompoundUniqueInput\n}\n\n","service":"test-api","stack":"Error: \nInvalid `prisma.favCoin.findUnique()` invocation in\nC:\\Users\\Jose Daniel\\Documents\\CedeSistemas\\NodeJs\\Final\\src\\api\\v1.0\\user\\user.controller.js:153:24\n\n  150 }\n  151 \n  152 const  getFavoriteCoin =  (userId, coinId) => {\n→ 153  return prisma.favCoin.findUnique({\n         where: {\n           userId: '37d8810c-5e81-459f-8fd4-0d7db4881463',\n           ~~~~~~\n           coinId: 80\n           ~~~~~~\n         }\n         ~~~~~~~~~~~~~~~~~~~~~~~~~~~~~~~~~~~~~~~~~~~~~~~~~\n       })\n\nArgument where of type favCoinWhereUniqueInput needs exactly one argument, but you provided userId and coinId. Please choose one. Available args: \ntype favCoinWhereUniqueInput {\n  id?: String\n  userId_coinId?: favCoinUserIdCoinIdCompoundUniqueInput\n}\nUnknown arg `userId` in where.userId for type favCoinWhereUniqueInput. Did you mean `id`? Available args:\ntype favCoinWhereUniqueInput {\n  id?: String\n  userId_coinId?: favCoinUserIdCoinIdCompoundUniqueInput\n}\nUnknown arg `coinId` in where.coinId for type favCoinWhereUniqueInput. Did you mean `id`? Available args:\ntype favCoinWhereUniqueInput {\n  id?: String\n  userId_coinId?: favCoinUserIdCoinIdCompoundUniqueInput\n}\n\n\n    at Object.validate (C:\\Users\\Jose Daniel\\Documents\\CedeSistemas\\NodeJs\\Final\\node_modules\\@prisma\\client\\runtime\\index.js:34786:20)\n    at PrismaClient._executeRequest (C:\\Users\\Jose Daniel\\Documents\\CedeSistemas\\NodeJs\\Final\\node_modules\\@prisma\\client\\runtime\\index.js:40905:17)\n    at consumer (C:\\Users\\Jose Daniel\\Documents\\CedeSistemas\\NodeJs\\Final\\node_modules\\@prisma\\client\\runtime\\index.js:40850:23)\n    at C:\\Users\\Jose Daniel\\Documents\\CedeSistemas\\NodeJs\\Final\\node_modules\\@prisma\\client\\runtime\\index.js:40854:76\n    at runInChildSpan (C:\\Users\\Jose Daniel\\Documents\\CedeSistemas\\NodeJs\\Final\\node_modules\\@prisma\\client\\runtime\\index.js:39945:12)\n    at C:\\Users\\Jose Daniel\\Documents\\CedeSistemas\\NodeJs\\Final\\node_modules\\@prisma\\client\\runtime\\index.js:40854:20\n    at AsyncResource.runInAsyncScope (node:async_hooks:201:9)\n    at PrismaClient._request (C:\\Users\\Jose Daniel\\Documents\\CedeSistemas\\NodeJs\\Final\\node_modules\\@prisma\\client\\runtime\\index.js:40853:86)\n    at C:\\Users\\Jose Daniel\\Documents\\CedeSistemas\\NodeJs\\Final\\node_modules\\@prisma\\client\\runtime\\index.js:40184:25\n    at _callback (C:\\Users\\Jose Daniel\\Documents\\CedeSistemas\\NodeJs\\Final\\node_modules\\@prisma\\client\\runtime\\index.js:39959:14)","timestamp":"2022-02-08 17:10:40"}
{"level":"info","message":"token verificado","service":"test-api","timestamp":"2022-02-08 17:11:38"}
{"level":"error","message":"entro a setFavoviteCoin","service":"test-api","timestamp":"2022-02-08 17:11:38"}
{"clientVersion":"3.9.1","level":"error","message":"\nInvalid `prisma.favCoin.findUnique()` invocation in\nC:\\Users\\Jose Daniel\\Documents\\CedeSistemas\\NodeJs\\Final\\src\\api\\v1.0\\user\\user.controller.js:153:24\n\n  150 }\n  151 \n  152 const  getFavoriteCoin =  (userId, coinId) => {\n→ 153  return prisma.favCoin.findUnique({\n         where: {\n           userId: '37d8810c-5e81-459f-8fd4-0d7db4881463',\n           ~~~~~~\n           coinId: 80\n           ~~~~~~\n         }\n         ~~~~~~~~~~~~~~~~~~~~~~~~~~~~~~~~~~~~~~~~~~~~~~~~~\n       })\n\nArgument where of type favCoinWhereUniqueInput needs exactly one argument, but you provided userId and coinId. Please choose one. Available args: \ntype favCoinWhereUniqueInput {\n  id?: String\n  userId_coinId?: favCoinUserIdCoinIdCompoundUniqueInput\n}\nUnknown arg `userId` in where.userId for type favCoinWhereUniqueInput. Did you mean `id`? Available args:\ntype favCoinWhereUniqueInput {\n  id?: String\n  userId_coinId?: favCoinUserIdCoinIdCompoundUniqueInput\n}\nUnknown arg `coinId` in where.coinId for type favCoinWhereUniqueInput. Did you mean `id`? Available args:\ntype favCoinWhereUniqueInput {\n  id?: String\n  userId_coinId?: favCoinUserIdCoinIdCompoundUniqueInput\n}\n\n","service":"test-api","stack":"Error: \nInvalid `prisma.favCoin.findUnique()` invocation in\nC:\\Users\\Jose Daniel\\Documents\\CedeSistemas\\NodeJs\\Final\\src\\api\\v1.0\\user\\user.controller.js:153:24\n\n  150 }\n  151 \n  152 const  getFavoriteCoin =  (userId, coinId) => {\n→ 153  return prisma.favCoin.findUnique({\n         where: {\n           userId: '37d8810c-5e81-459f-8fd4-0d7db4881463',\n           ~~~~~~\n           coinId: 80\n           ~~~~~~\n         }\n         ~~~~~~~~~~~~~~~~~~~~~~~~~~~~~~~~~~~~~~~~~~~~~~~~~\n       })\n\nArgument where of type favCoinWhereUniqueInput needs exactly one argument, but you provided userId and coinId. Please choose one. Available args: \ntype favCoinWhereUniqueInput {\n  id?: String\n  userId_coinId?: favCoinUserIdCoinIdCompoundUniqueInput\n}\nUnknown arg `userId` in where.userId for type favCoinWhereUniqueInput. Did you mean `id`? Available args:\ntype favCoinWhereUniqueInput {\n  id?: String\n  userId_coinId?: favCoinUserIdCoinIdCompoundUniqueInput\n}\nUnknown arg `coinId` in where.coinId for type favCoinWhereUniqueInput. Did you mean `id`? Available args:\ntype favCoinWhereUniqueInput {\n  id?: String\n  userId_coinId?: favCoinUserIdCoinIdCompoundUniqueInput\n}\n\n\n    at Object.validate (C:\\Users\\Jose Daniel\\Documents\\CedeSistemas\\NodeJs\\Final\\node_modules\\@prisma\\client\\runtime\\index.js:34786:20)\n    at PrismaClient._executeRequest (C:\\Users\\Jose Daniel\\Documents\\CedeSistemas\\NodeJs\\Final\\node_modules\\@prisma\\client\\runtime\\index.js:40905:17)\n    at consumer (C:\\Users\\Jose Daniel\\Documents\\CedeSistemas\\NodeJs\\Final\\node_modules\\@prisma\\client\\runtime\\index.js:40850:23)\n    at C:\\Users\\Jose Daniel\\Documents\\CedeSistemas\\NodeJs\\Final\\node_modules\\@prisma\\client\\runtime\\index.js:40854:76\n    at runInChildSpan (C:\\Users\\Jose Daniel\\Documents\\CedeSistemas\\NodeJs\\Final\\node_modules\\@prisma\\client\\runtime\\index.js:39945:12)\n    at C:\\Users\\Jose Daniel\\Documents\\CedeSistemas\\NodeJs\\Final\\node_modules\\@prisma\\client\\runtime\\index.js:40854:20\n    at AsyncResource.runInAsyncScope (node:async_hooks:201:9)\n    at PrismaClient._request (C:\\Users\\Jose Daniel\\Documents\\CedeSistemas\\NodeJs\\Final\\node_modules\\@prisma\\client\\runtime\\index.js:40853:86)\n    at C:\\Users\\Jose Daniel\\Documents\\CedeSistemas\\NodeJs\\Final\\node_modules\\@prisma\\client\\runtime\\index.js:40184:25\n    at _callback (C:\\Users\\Jose Daniel\\Documents\\CedeSistemas\\NodeJs\\Final\\node_modules\\@prisma\\client\\runtime\\index.js:39959:14)","timestamp":"2022-02-08 17:11:38"}
{"level":"info","message":"Listening on :: port 3000","service":"test-api","timestamp":"2022-02-08 17:12:48"}
{"level":"info","message":"token verificado","service":"test-api","timestamp":"2022-02-08 17:12:57"}
{"level":"error","message":"entro a setFavoviteCoin","service":"test-api","timestamp":"2022-02-08 17:12:57"}
{"level":"info","message":"token verificado","service":"test-api","timestamp":"2022-02-08 17:13:35"}
{"level":"error","message":"entro a setFavoviteCoin","service":"test-api","timestamp":"2022-02-08 17:13:35"}
{"level":"info","message":"Listening on :: port 3000","service":"test-api","timestamp":"2022-02-08 17:14:30"}
{"level":"info","message":"Listening on :: port 3000","service":"test-api","timestamp":"2022-02-08 17:23:52"}
{"level":"info","message":"Listening on :: port 3000","service":"test-api","timestamp":"2022-02-08 17:37:58"}
{"level":"info","message":"Listening on :: port 3000","service":"test-api","timestamp":"2022-02-08 17:39:06"}
{"level":"info","message":"Listening on :: port 3000","service":"test-api","timestamp":"2022-02-08 17:39:19"}
{"level":"info","message":"token verificado","service":"test-api","timestamp":"2022-02-08 17:42:14"}
{"level":"info","message":"entro a getFavoriteCoinsByUserId","service":"test-api","timestamp":"2022-02-08 17:42:14"}
{"level":"info","message":"Listening on :: port 3000","service":"test-api","timestamp":"2022-02-08 17:45:18"}
{"level":"info","message":"token verificado","service":"test-api","timestamp":"2022-02-08 17:45:30"}
{"level":"info","message":"entro a getFavoriteCoinsByUserId","service":"test-api","timestamp":"2022-02-08 17:45:30"}
{"level":"info","message":"Listening on :: port 3000","service":"test-api","timestamp":"2022-02-08 17:46:51"}
{"level":"info","message":"token verificado","service":"test-api","timestamp":"2022-02-08 17:47:12"}
{"level":"info","message":"entro a getFavoriteCoinsByUserId","service":"test-api","timestamp":"2022-02-08 17:47:12"}
{"level":"info","message":"Listening on :: port 3000","service":"test-api","timestamp":"2022-02-08 17:50:09"}
{"level":"info","message":"token verificado","service":"test-api","timestamp":"2022-02-08 17:50:20"}
{"level":"info","message":"entro a getFavoriteCoinsByUserId","service":"test-api","timestamp":"2022-02-08 17:50:20"}
{"level":"info","message":"Listening on :: port 3000","service":"test-api","timestamp":"2022-02-08 17:51:18"}
{"level":"info","message":"Listening on :: port 3000","service":"test-api","timestamp":"2022-02-08 18:10:23"}
{"level":"info","message":"Listening on :: port 3000","service":"test-api","timestamp":"2022-02-08 18:21:22"}
{"level":"info","message":"Listening on :: port 3000","service":"test-api","timestamp":"2022-02-09 20:21:14"}
{"level":"info","message":"Listening on :: port 3000","service":"test-api","timestamp":"2022-02-09 20:21:20"}
{"level":"info","message":"token verificado","service":"test-api","timestamp":"2022-02-09 20:21:50"}
{"level":"info","message":"token verificado","service":"test-api","timestamp":"2022-02-09 20:22:22"}
{"level":"info","message":"token verificado","service":"test-api","timestamp":"2022-02-09 20:24:42"}
{"level":"info","message":"Listening on :: port 3000","service":"test-api","timestamp":"2022-02-09 20:28:17"}
{"level":"info","message":"token verificado","service":"test-api","timestamp":"2022-02-09 20:28:31"}
{"level":"info","message":"token verificado","service":"test-api","timestamp":"2022-02-09 20:29:17"}
{"level":"info","message":"token verificado","service":"test-api","timestamp":"2022-02-09 20:29:41"}
{"level":"info","message":"token verificado","service":"test-api","timestamp":"2022-02-09 20:30:37"}
{"level":"info","message":"token verificado","service":"test-api","timestamp":"2022-02-09 20:38:51"}
{"level":"info","message":"Listening on :: port 3000","service":"test-api","timestamp":"2022-02-09 20:51:50"}
{"level":"info","message":"token verificado","service":"test-api","timestamp":"2022-02-09 20:52:22"}
{"level":"info","message":"Listening on :: port 3000","service":"test-api","timestamp":"2022-02-09 21:14:43"}
{"level":"info","message":"Listening on :: port 3000","service":"test-api","timestamp":"2022-02-09 21:15:58"}
{"level":"info","message":"Listening on :: port 3000","service":"test-api","timestamp":"2022-02-09 21:17:02"}
{"level":"info","message":"token verificado","service":"test-api","timestamp":"2022-02-09 21:22:40"}
{"level":"error","message":"Cannot read properties of undefined (reading 'findFirst')","service":"test-api","stack":"TypeError: Cannot read properties of undefined (reading 'findFirst')\n    at getFavoriteExchenge (C:\\Users\\Jose Daniel\\Documents\\CedeSistemas\\NodeJs\\Final\\src\\api\\v1.0\\user\\user.controller.js:217:29)\n    at addFavoriteExchange (C:\\Users\\Jose Daniel\\Documents\\CedeSistemas\\NodeJs\\Final\\src\\api\\v1.0\\user\\user.controller.js:229:36)\n    at Layer.handle [as handle_request] (C:\\Users\\Jose Daniel\\Documents\\CedeSistemas\\NodeJs\\Final\\node_modules\\express\\lib\\router\\layer.js:95:5)\n    at next (C:\\Users\\Jose Daniel\\Documents\\CedeSistemas\\NodeJs\\Final\\node_modules\\express\\lib\\router\\route.js:137:13)\n    at C:\\Users\\Jose Daniel\\Documents\\CedeSistemas\\NodeJs\\Final\\src\\utils\\token.middleware.js:20:7\n    at C:\\Users\\Jose Daniel\\Documents\\CedeSistemas\\NodeJs\\Final\\node_modules\\jsonwebtoken\\verify.js:223:12\n    at getSecret (C:\\Users\\Jose Daniel\\Documents\\CedeSistemas\\NodeJs\\Final\\node_modules\\jsonwebtoken\\verify.js:90:14)\n    at Object.module.exports [as verify] (C:\\Users\\Jose Daniel\\Documents\\CedeSistemas\\NodeJs\\Final\\node_modules\\jsonwebtoken\\verify.js:94:10)\n    at verifyToken (C:\\Users\\Jose Daniel\\Documents\\CedeSistemas\\NodeJs\\Final\\src\\utils\\token.middleware.js:13:9)","timestamp":"2022-02-09 21:22:40"}
{"level":"info","message":"token verificado","service":"test-api","timestamp":"2022-02-09 21:24:22"}
{"level":"error","message":"Cannot read properties of undefined (reading 'findFirst')","service":"test-api","stack":"TypeError: Cannot read properties of undefined (reading 'findFirst')\n    at getFavoriteExchenge (C:\\Users\\Jose Daniel\\Documents\\CedeSistemas\\NodeJs\\Final\\src\\api\\v1.0\\user\\user.controller.js:217:29)\n    at addFavoriteExchange (C:\\Users\\Jose Daniel\\Documents\\CedeSistemas\\NodeJs\\Final\\src\\api\\v1.0\\user\\user.controller.js:229:36)\n    at Layer.handle [as handle_request] (C:\\Users\\Jose Daniel\\Documents\\CedeSistemas\\NodeJs\\Final\\node_modules\\express\\lib\\router\\layer.js:95:5)\n    at next (C:\\Users\\Jose Daniel\\Documents\\CedeSistemas\\NodeJs\\Final\\node_modules\\express\\lib\\router\\route.js:137:13)\n    at C:\\Users\\Jose Daniel\\Documents\\CedeSistemas\\NodeJs\\Final\\src\\utils\\token.middleware.js:20:7\n    at C:\\Users\\Jose Daniel\\Documents\\CedeSistemas\\NodeJs\\Final\\node_modules\\jsonwebtoken\\verify.js:223:12\n    at getSecret (C:\\Users\\Jose Daniel\\Documents\\CedeSistemas\\NodeJs\\Final\\node_modules\\jsonwebtoken\\verify.js:90:14)\n    at Object.module.exports [as verify] (C:\\Users\\Jose Daniel\\Documents\\CedeSistemas\\NodeJs\\Final\\node_modules\\jsonwebtoken\\verify.js:94:10)\n    at verifyToken (C:\\Users\\Jose Daniel\\Documents\\CedeSistemas\\NodeJs\\Final\\src\\utils\\token.middleware.js:13:9)","timestamp":"2022-02-09 21:24:22"}
{"level":"info","message":"Listening on :: port 3000","service":"test-api","timestamp":"2022-02-09 21:25:11"}
{"level":"info","message":"token verificado","service":"test-api","timestamp":"2022-02-09 21:25:16"}
{"level":"error","message":"Cannot read properties of undefined (reading 'findFirst')","service":"test-api","stack":"TypeError: Cannot read properties of undefined (reading 'findFirst')\n    at getFavoriteExchenge (C:\\Users\\Jose Daniel\\Documents\\CedeSistemas\\NodeJs\\Final\\src\\api\\v1.0\\user\\user.controller.js:217:29)\n    at addFavoriteExchange (C:\\Users\\Jose Daniel\\Documents\\CedeSistemas\\NodeJs\\Final\\src\\api\\v1.0\\user\\user.controller.js:229:36)\n    at Layer.handle [as handle_request] (C:\\Users\\Jose Daniel\\Documents\\CedeSistemas\\NodeJs\\Final\\node_modules\\express\\lib\\router\\layer.js:95:5)\n    at next (C:\\Users\\Jose Daniel\\Documents\\CedeSistemas\\NodeJs\\Final\\node_modules\\express\\lib\\router\\route.js:137:13)\n    at C:\\Users\\Jose Daniel\\Documents\\CedeSistemas\\NodeJs\\Final\\src\\utils\\token.middleware.js:20:7\n    at C:\\Users\\Jose Daniel\\Documents\\CedeSistemas\\NodeJs\\Final\\node_modules\\jsonwebtoken\\verify.js:223:12\n    at getSecret (C:\\Users\\Jose Daniel\\Documents\\CedeSistemas\\NodeJs\\Final\\node_modules\\jsonwebtoken\\verify.js:90:14)\n    at Object.module.exports [as verify] (C:\\Users\\Jose Daniel\\Documents\\CedeSistemas\\NodeJs\\Final\\node_modules\\jsonwebtoken\\verify.js:94:10)\n    at verifyToken (C:\\Users\\Jose Daniel\\Documents\\CedeSistemas\\NodeJs\\Final\\src\\utils\\token.middleware.js:13:9)","timestamp":"2022-02-09 21:25:16"}
{"level":"info","message":"Listening on :: port 3000","service":"test-api","timestamp":"2022-02-09 21:25:59"}
{"level":"info","message":"token verificado","service":"test-api","timestamp":"2022-02-09 21:26:03"}
{"level":"error","message":"Cannot read properties of undefined (reading 'findFirst')","service":"test-api","stack":"TypeError: Cannot read properties of undefined (reading 'findFirst')\n    at getFavoriteExchenge (C:\\Users\\Jose Daniel\\Documents\\CedeSistemas\\NodeJs\\Final\\src\\api\\v1.0\\user\\user.controller.js:217:29)\n    at addFavoriteExchange (C:\\Users\\Jose Daniel\\Documents\\CedeSistemas\\NodeJs\\Final\\src\\api\\v1.0\\user\\user.controller.js:229:36)\n    at Layer.handle [as handle_request] (C:\\Users\\Jose Daniel\\Documents\\CedeSistemas\\NodeJs\\Final\\node_modules\\express\\lib\\router\\layer.js:95:5)\n    at next (C:\\Users\\Jose Daniel\\Documents\\CedeSistemas\\NodeJs\\Final\\node_modules\\express\\lib\\router\\route.js:137:13)\n    at C:\\Users\\Jose Daniel\\Documents\\CedeSistemas\\NodeJs\\Final\\src\\utils\\token.middleware.js:20:7\n    at C:\\Users\\Jose Daniel\\Documents\\CedeSistemas\\NodeJs\\Final\\node_modules\\jsonwebtoken\\verify.js:223:12\n    at getSecret (C:\\Users\\Jose Daniel\\Documents\\CedeSistemas\\NodeJs\\Final\\node_modules\\jsonwebtoken\\verify.js:90:14)\n    at Object.module.exports [as verify] (C:\\Users\\Jose Daniel\\Documents\\CedeSistemas\\NodeJs\\Final\\node_modules\\jsonwebtoken\\verify.js:94:10)\n    at verifyToken (C:\\Users\\Jose Daniel\\Documents\\CedeSistemas\\NodeJs\\Final\\src\\utils\\token.middleware.js:13:9)","timestamp":"2022-02-09 21:26:03"}
{"level":"info","message":"Listening on :: port 3000","service":"test-api","timestamp":"2022-02-09 21:28:26"}
{"level":"info","message":"token verificado","service":"test-api","timestamp":"2022-02-09 21:28:34"}
{"level":"info","message":"Listening on :: port 3000","service":"test-api","timestamp":"2022-02-09 21:39:11"}
{"level":"info","message":"Listening on :: port 3000","service":"test-api","timestamp":"2022-02-09 21:40:02"}
{"level":"info","message":"Listening on :: port 3000","service":"test-api","timestamp":"2022-02-09 21:40:09"}
{"level":"info","message":"token verificado","service":"test-api","timestamp":"2022-02-09 21:41:11"}
{"level":"info","message":"entro a getFavoriteExchangeByUserId","service":"test-api","timestamp":"2022-02-09 21:41:11"}
{"level":"error","message":"getFavoriteExchanges is not defined","service":"test-api","stack":"ReferenceError: getFavoriteExchanges is not defined\n    at getFavoriteExchangeByUserId (C:\\Users\\Jose Daniel\\Documents\\CedeSistemas\\NodeJs\\Final\\src\\api\\v1.0\\user\\user.controller.js:253:23)\n    at Layer.handle [as handle_request] (C:\\Users\\Jose Daniel\\Documents\\CedeSistemas\\NodeJs\\Final\\node_modules\\express\\lib\\router\\layer.js:95:5)\n    at next (C:\\Users\\Jose Daniel\\Documents\\CedeSistemas\\NodeJs\\Final\\node_modules\\express\\lib\\router\\route.js:137:13)\n    at C:\\Users\\Jose Daniel\\Documents\\CedeSistemas\\NodeJs\\Final\\src\\utils\\token.middleware.js:20:7\n    at C:\\Users\\Jose Daniel\\Documents\\CedeSistemas\\NodeJs\\Final\\node_modules\\jsonwebtoken\\verify.js:223:12\n    at getSecret (C:\\Users\\Jose Daniel\\Documents\\CedeSistemas\\NodeJs\\Final\\node_modules\\jsonwebtoken\\verify.js:90:14)\n    at Object.module.exports [as verify] (C:\\Users\\Jose Daniel\\Documents\\CedeSistemas\\NodeJs\\Final\\node_modules\\jsonwebtoken\\verify.js:94:10)\n    at verifyToken (C:\\Users\\Jose Daniel\\Documents\\CedeSistemas\\NodeJs\\Final\\src\\utils\\token.middleware.js:13:9)","timestamp":"2022-02-09 21:41:11"}
{"level":"info","message":"Listening on :: port 3000","service":"test-api","timestamp":"2022-02-09 21:41:53"}
{"level":"info","message":"token verificado","service":"test-api","timestamp":"2022-02-09 21:42:25"}
{"level":"info","message":"entro a getFavoriteExchangeByUserId","service":"test-api","timestamp":"2022-02-09 21:42:25"}
{"level":"error","message":"getFavoriteExchanges is not defined","service":"test-api","stack":"ReferenceError: getFavoriteExchanges is not defined\n    at getFavoriteExchangeByUserId (C:\\Users\\Jose Daniel\\Documents\\CedeSistemas\\NodeJs\\Final\\src\\api\\v1.0\\user\\user.controller.js:261:23)\n    at Layer.handle [as handle_request] (C:\\Users\\Jose Daniel\\Documents\\CedeSistemas\\NodeJs\\Final\\node_modules\\express\\lib\\router\\layer.js:95:5)\n    at next (C:\\Users\\Jose Daniel\\Documents\\CedeSistemas\\NodeJs\\Final\\node_modules\\express\\lib\\router\\route.js:137:13)\n    at C:\\Users\\Jose Daniel\\Documents\\CedeSistemas\\NodeJs\\Final\\src\\utils\\token.middleware.js:20:7\n    at C:\\Users\\Jose Daniel\\Documents\\CedeSistemas\\NodeJs\\Final\\node_modules\\jsonwebtoken\\verify.js:223:12\n    at getSecret (C:\\Users\\Jose Daniel\\Documents\\CedeSistemas\\NodeJs\\Final\\node_modules\\jsonwebtoken\\verify.js:90:14)\n    at Object.module.exports [as verify] (C:\\Users\\Jose Daniel\\Documents\\CedeSistemas\\NodeJs\\Final\\node_modules\\jsonwebtoken\\verify.js:94:10)\n    at verifyToken (C:\\Users\\Jose Daniel\\Documents\\CedeSistemas\\NodeJs\\Final\\src\\utils\\token.middleware.js:13:9)","timestamp":"2022-02-09 21:42:25"}
{"level":"info","message":"Listening on :: port 3000","service":"test-api","timestamp":"2022-02-09 21:42:50"}
{"level":"info","message":"token verificado","service":"test-api","timestamp":"2022-02-09 21:42:55"}
{"level":"info","message":"entro a getFavoriteExchangeByUserId","service":"test-api","timestamp":"2022-02-09 21:42:55"}
{"level":"info","message":"Listening on :: port 3000","service":"test-api","timestamp":"2022-02-09 21:45:35"}
{"level":"info","message":"Listening on :: port 3000","service":"test-api","timestamp":"2022-02-09 21:47:32"}
{"level":"info","message":"Listening on :: port 3000","service":"test-api","timestamp":"2022-02-09 21:48:15"}
{"level":"info","message":"Listening on :: port 3000","service":"test-api","timestamp":"2022-02-09 21:49:28"}
{"level":"info","message":"token verificado","service":"test-api","timestamp":"2022-02-09 21:49:30"}
{"level":"info","message":"entro a deleteFavoriteExchange","service":"test-api","timestamp":"2022-02-09 21:49:30"}
{"clientVersion":"3.9.1","code":"P2025","level":"error","message":"\nInvalid `prisma.favExchange.delete()` invocation in\nC:\\Users\\Jose Daniel\\Documents\\CedeSistemas\\NodeJs\\Final\\src\\api\\v1.0\\user\\user.controller.js:286:36\n\n  283 if (!exchange) {\n  284   res.sendStatus(StatusCodes.NOT_FOUND);\n  285 }\n→ 286 await prisma.favExchange.delete(\n  An operation failed because it depends on one or more records that were required but not found. Record to delete does not exist.","meta":{"cause":"Record to delete does not exist."},"service":"test-api","stack":"Error: \nInvalid `prisma.favExchange.delete()` invocation in\nC:\\Users\\Jose Daniel\\Documents\\CedeSistemas\\NodeJs\\Final\\src\\api\\v1.0\\user\\user.controller.js:286:36\n\n  283 if (!exchange) {\n  284   res.sendStatus(StatusCodes.NOT_FOUND);\n  285 }\n→ 286 await prisma.favExchange.delete(\n  An operation failed because it depends on one or more records that were required but not found. Record to delete does not exist.\n    at cb (C:\\Users\\Jose Daniel\\Documents\\CedeSistemas\\NodeJs\\Final\\node_modules\\@prisma\\client\\runtime\\index.js:38703:17)\n    at async PrismaClient._request (C:\\Users\\Jose Daniel\\Documents\\CedeSistemas\\NodeJs\\Final\\node_modules\\@prisma\\client\\runtime\\index.js:40853:18)\n    at async deleteFavoriteExchange (C:\\Users\\Jose Daniel\\Documents\\CedeSistemas\\NodeJs\\Final\\src\\api\\v1.0\\user\\user.controller.js:286:5)","timestamp":"2022-02-09 21:49:30"}
{"level":"info","message":"Listening on :: port 3000","service":"test-api","timestamp":"2022-02-09 21:50:22"}
{"level":"info","message":"token verificado","service":"test-api","timestamp":"2022-02-09 21:50:43"}
{"level":"info","message":"entro a deleteFavoriteExchange","service":"test-api","timestamp":"2022-02-09 21:50:43"}
{"level":"error","message":"sendStatus is not defined","service":"test-api","stack":"ReferenceError: sendStatus is not defined\n    at deleteFavoriteExchange (C:\\Users\\Jose Daniel\\Documents\\CedeSistemas\\NodeJs\\Final\\src\\api\\v1.0\\user\\user.controller.js:291:20)","timestamp":"2022-02-09 21:50:43"}
{"level":"info","message":"Listening on :: port 3000","service":"test-api","timestamp":"2022-02-09 21:51:01"}
{"level":"info","message":"Listening on :: port 3000","service":"test-api","timestamp":"2022-02-09 21:51:18"}
{"level":"info","message":"token verificado","service":"test-api","timestamp":"2022-02-09 21:51:22"}
{"level":"info","message":"entro a deleteFavoriteExchange","service":"test-api","timestamp":"2022-02-09 21:51:22"}
{"level":"error","message":"Cannot read properties of null (reading 'id')","service":"test-api","stack":"TypeError: Cannot read properties of null (reading 'id')\n    at deleteFavoriteExchange (C:\\Users\\Jose Daniel\\Documents\\CedeSistemas\\NodeJs\\Final\\src\\api\\v1.0\\user\\user.controller.js:288:22)","timestamp":"2022-02-09 21:51:22"}
{"level":"info","message":"Listening on :: port 3000","service":"test-api","timestamp":"2022-02-09 21:51:53"}
{"level":"info","message":"token verificado","service":"test-api","timestamp":"2022-02-09 21:52:10"}
{"level":"info","message":"entro a getFavoriteExchangeByUserId","service":"test-api","timestamp":"2022-02-09 21:52:10"}
{"level":"info","message":"token verificado","service":"test-api","timestamp":"2022-02-09 21:52:15"}
{"level":"info","message":"token verificado","service":"test-api","timestamp":"2022-02-09 21:52:17"}
{"level":"info","message":"entro a getFavoriteExchangeByUserId","service":"test-api","timestamp":"2022-02-09 21:52:17"}
{"level":"info","message":"token verificado","service":"test-api","timestamp":"2022-02-09 21:52:22"}
{"level":"info","message":"entro a deleteFavoriteExchange","service":"test-api","timestamp":"2022-02-09 21:52:22"}
{"level":"info","message":"token verificado","service":"test-api","timestamp":"2022-02-09 21:52:28"}
{"level":"info","message":"entro a getFavoriteExchangeByUserId","service":"test-api","timestamp":"2022-02-09 21:52:28"}
{"level":"info","message":"Listening on :: port 3000","service":"test-api","timestamp":"2022-02-10 16:39:36"}
{"level":"info","message":"Listening on :: port 3000","service":"test-api","timestamp":"2022-02-10 18:05:40"}
{"level":"info","message":"no existe el archivo","service":"test-api","timestamp":"2022-02-10 18:21:02"}
{"level":"info","message":"Listening on :: port 3000","service":"test-api","timestamp":"2022-02-10 18:23:27"}
{"level":"info","message":"no existe el archivo","service":"test-api","timestamp":"2022-02-10 18:23:31"}
{"level":"info","message":"Listening on :: port 3000","service":"test-api","timestamp":"2022-02-10 18:24:03"}
{"level":"info","message":"no existe el archivo","service":"test-api","timestamp":"2022-02-10 18:24:07"}
{"level":"info","message":"Listening on :: port 3000","service":"test-api","timestamp":"2022-02-10 18:24:37"}
{"level":"info","message":"Listening on :: port 3000","service":"test-api","timestamp":"2022-02-10 18:24:43"}
{"level":"info","message":"no existe el archivo","service":"test-api","timestamp":"2022-02-10 18:24:46"}
{"level":"info","message":"Listening on :: port 3000","service":"test-api","timestamp":"2022-02-10 18:25:51"}
{"level":"info","message":"no existe el archivo","service":"test-api","timestamp":"2022-02-10 18:25:54"}
{"level":"info","message":"Listening on :: port 3000","service":"test-api","timestamp":"2022-02-10 18:28:38"}
{"level":"info","message":"no existe el archivo","service":"test-api","timestamp":"2022-02-10 18:28:41"}
{"level":"info","message":"Listening on :: port 3000","service":"test-api","timestamp":"2022-02-10 18:28:58"}
{"level":"info","message":"no existe el archivo","service":"test-api","timestamp":"2022-02-10 18:29:05"}
{"level":"info","message":"Listening on :: port 3000","service":"test-api","timestamp":"2022-02-10 18:29:19"}
{"level":"info","message":"no existe el archivo","service":"test-api","timestamp":"2022-02-10 18:29:25"}
{"level":"info","message":"Listening on :: port 3000","service":"test-api","timestamp":"2022-02-10 18:29:26"}
{"level":"info","message":"Listening on :: port 3000","service":"test-api","timestamp":"2022-02-10 21:02:29"}
{"level":"info","message":"Listening on :: port 3000","service":"test-api","timestamp":"2022-02-10 21:02:33"}
{"level":"info","message":"Listening on :: port 3000","service":"test-api","timestamp":"2022-02-10 21:03:46"}
{"level":"info","message":"el archivo supero el tiempo de vida","service":"test-api","timestamp":"2022-02-10 21:04:05"}
{"level":"info","message":"no existe el archivo","service":"test-api","timestamp":"2022-02-10 21:04:05"}
{"level":"info","message":"el archivo supero el tiempo de vida","service":"test-api","timestamp":"2022-02-10 21:04:35"}
{"level":"info","message":"no existe el archivo","service":"test-api","timestamp":"2022-02-10 21:04:35"}
{"level":"info","message":"Listening on :: port 3000","service":"test-api","timestamp":"2022-02-10 21:05:30"}
{"level":"info","message":"Listening on :: port 3000","service":"test-api","timestamp":"2022-02-10 21:06:19"}
{"level":"info","message":"Listening on :: port 3000","service":"test-api","timestamp":"2022-02-10 21:06:33"}
{"level":"info","message":"el archivo supero el tiempo de vida","service":"test-api","timestamp":"2022-02-10 21:06:35"}
{"level":"info","message":"obteniendo datos de coinlore","service":"test-api","timestamp":"2022-02-10 21:06:35"}
{"level":"info","message":"Listening on :: port 3000","service":"test-api","timestamp":"2022-02-10 21:06:36"}
{"level":"info","message":"Listening on :: port 3000","service":"test-api","timestamp":"2022-02-10 21:06:49"}
{"level":"info","message":"el archivo supero el tiempo de vida","service":"test-api","timestamp":"2022-02-10 21:24:00"}
{"level":"info","message":"obteniendo datos de coinlore","service":"test-api","timestamp":"2022-02-10 21:24:00"}
{"level":"info","message":"Listening on :: port 3000","service":"test-api","timestamp":"2022-02-10 21:24:01"}
{"level":"info","message":"Listening on :: port 3000","service":"test-api","timestamp":"2022-02-10 21:29:10"}
{"level":"info","message":"Listening on :: port 3000","service":"test-api","timestamp":"2022-02-10 21:31:57"}
{"level":"info","message":"Listening on :: port 3000","service":"test-api","timestamp":"2022-02-10 21:32:05"}
{"level":"info","message":"Listening on :: port 3000","service":"test-api","timestamp":"2022-02-10 21:32:15"}
{"level":"info","message":"el archivo supero el tiempo de vida","service":"test-api","timestamp":"2022-02-10 21:32:35"}
{"level":"info","message":"obteniendo datos de coinlore","service":"test-api","timestamp":"2022-02-10 21:32:35"}
{"level":"info","message":"Listening on :: port 3000","service":"test-api","timestamp":"2022-02-10 21:32:37"}
{"level":"info","message":"Listening on :: port 3000","service":"test-api","timestamp":"2022-02-10 21:33:10"}
{"level":"info","message":"Listening on :: port 3000","service":"test-api","timestamp":"2022-02-10 21:36:36"}
{"level":"info","message":"el archivo supero el tiempo de vida","service":"test-api","timestamp":"2022-02-10 21:36:39"}
{"level":"info","message":"obteniendo datos de coinlore","service":"test-api","timestamp":"2022-02-10 21:36:39"}
{"level":"info","message":"Listening on :: port 3000","service":"test-api","timestamp":"2022-02-10 21:36:40"}
{"level":"info","message":"Listening on :: port 3000","service":"test-api","timestamp":"2022-02-10 21:39:10"}
{"level":"info","message":"Listening on :: port 3000","service":"test-api","timestamp":"2022-02-10 21:39:26"}
{"level":"info","message":"Listening on :: port 3000","service":"test-api","timestamp":"2022-02-10 21:40:14"}
{"level":"info","message":"no existe el archivo","service":"test-api","timestamp":"2022-02-10 21:43:28"}
{"level":"info","message":"obteniendo datos de coinlore","service":"test-api","timestamp":"2022-02-10 21:43:28"}
{"level":"info","message":"Listening on :: port 3000","service":"test-api","timestamp":"2022-02-10 21:43:30"}
{"level":"info","message":"Listening on :: port 3000","service":"test-api","timestamp":"2022-02-10 21:47:47"}
{"level":"info","message":"el archivo supero el tiempo de vida","service":"test-api","timestamp":"2022-02-10 21:47:49"}
{"level":"info","message":"obteniendo datos de coinlore","service":"test-api","timestamp":"2022-02-10 21:47:49"}
{"level":"info","message":"Listening on :: port 3000","service":"test-api","timestamp":"2022-02-10 21:47:50"}
{"level":"info","message":"Listening on :: port 3000","service":"test-api","timestamp":"2022-02-10 21:48:32"}
{"level":"info","message":"el archivo supero el tiempo de vida","service":"test-api","timestamp":"2022-02-10 21:49:00"}
{"level":"info","message":"obteniendo datos de coinlore","service":"test-api","timestamp":"2022-02-10 21:49:00"}
{"level":"info","message":"Listening on :: port 3000","service":"test-api","timestamp":"2022-02-10 21:49:01"}
{"level":"info","message":"Listening on :: port 3000","service":"test-api","timestamp":"2022-02-10 21:49:24"}
{"level":"error","message":"Unexpected token o in JSON at position 1","service":"test-api","stack":"SyntaxError: Unexpected token o in JSON at position 1\n    at JSON.parse (<anonymous>)\n    at getAllCoins (C:\\Users\\Jose Daniel\\Documents\\CedeSistemas\\NodeJs\\Final\\src\\api\\v1.0\\crypto\\crypto.controller.js:27:54)","timestamp":"2022-02-10 21:49:25"}
{"level":"info","message":"Listening on :: port 3000","service":"test-api","timestamp":"2022-02-10 21:49:48"}
{"level":"info","message":"Listening on :: port 3000","service":"test-api","timestamp":"2022-02-10 21:50:05"}
{"level":"info","message":"el archivo supero el tiempo de vida","service":"test-api","timestamp":"2022-02-10 21:50:07"}
{"level":"info","message":"obteniendo datos de coinlore","service":"test-api","timestamp":"2022-02-10 21:50:07"}
{"level":"info","message":"Listening on :: port 3000","service":"test-api","timestamp":"2022-02-10 21:50:09"}
{"level":"error","message":"readCoinFile.toSting is not a function","service":"test-api","stack":"TypeError: readCoinFile.toSting is not a function\n    at getAllCoins (C:\\Users\\Jose Daniel\\Documents\\CedeSistemas\\NodeJs\\Final\\src\\api\\v1.0\\crypto\\crypto.controller.js:27:62)","timestamp":"2022-02-10 21:50:10"}
{"level":"info","message":"Listening on :: port 3000","service":"test-api","timestamp":"2022-02-10 21:51:05"}
{"level":"info","message":"el archivo supero el tiempo de vida","service":"test-api","timestamp":"2022-02-10 21:51:24"}
{"level":"info","message":"obteniendo datos de coinlore","service":"test-api","timestamp":"2022-02-10 21:51:24"}
{"level":"info","message":"Listening on :: port 3000","service":"test-api","timestamp":"2022-02-10 21:51:25"}
{"level":"info","message":"Listening on :: port 3000","service":"test-api","timestamp":"2022-02-10 21:51:42"}
{"level":"info","message":"Listening on :: port 3000","service":"test-api","timestamp":"2022-02-10 21:58:20"}
{"level":"info","message":"token verificado","service":"test-api","timestamp":"2022-02-10 21:59:13"}
{"level":"info","message":"el archivo supero el tiempo de vida","service":"test-api","timestamp":"2022-02-10 21:59:13"}
{"level":"info","message":"obteniendo datos de coinlore","service":"test-api","timestamp":"2022-02-10 21:59:13"}
{"level":"info","message":"Listening on :: port 3000","service":"test-api","timestamp":"2022-02-10 21:59:14"}
{"level":"info","message":"token verificado","service":"test-api","timestamp":"2022-02-10 22:01:11"}
{"level":"info","message":"el archivo supero el tiempo de vida","service":"test-api","timestamp":"2022-02-10 22:01:11"}
{"level":"info","message":"obteniendo datos de coinlore","service":"test-api","timestamp":"2022-02-10 22:01:11"}
{"level":"info","message":"Listening on :: port 3000","service":"test-api","timestamp":"2022-02-10 22:01:13"}
{"level":"info","message":"token verificado","service":"test-api","timestamp":"2022-02-10 22:01:14"}
{"level":"info","message":"token verificado","service":"test-api","timestamp":"2022-02-10 22:01:17"}
{"level":"info","message":"token verificado","service":"test-api","timestamp":"2022-02-10 22:01:18"}
{"level":"info","message":"Listening on :: port 3000","service":"test-api","timestamp":"2022-02-10 22:07:03"}
{"level":"info","message":"Listening on :: port 3000","service":"test-api","timestamp":"2022-02-10 22:19:44"}
